TN:
SF:src/services/ai.ts
FN:85,loadAIConfig
FN:96,saveAIConfig
FN:103,clearAIConfig
FN:104,(anonymous_3)
FN:107,isAIReady
FN:114,validateOllamaUrl
FN:127,complete
FN:214,errorText
FN:215,(anonymous_8)
FNF:9
FNH:5
FNDA:42,loadAIConfig
FNDA:7,saveAIConfig
FNDA:2,clearAIConfig
FNDA:8,(anonymous_3)
FNDA:20,isAIReady
FNDA:0,validateOllamaUrl
FNDA:0,complete
FNDA:0,errorText
FNDA:0,(anonymous_8)
DA:22,3
DA:78,3
DA:86,42
DA:87,42
DA:88,42
DA:97,7
DA:98,7
DA:99,7
DA:100,7
DA:104,8
DA:108,20
DA:109,20
DA:110,18
DA:115,0
DA:116,0
DA:117,0
DA:118,0
DA:120,0
DA:128,0
DA:130,0
DA:131,0
DA:134,0
DA:138,0
DA:139,0
DA:146,0
DA:151,0
DA:152,0
DA:153,0
DA:156,0
DA:157,0
DA:172,0
DA:173,0
DA:174,0
DA:177,0
DA:178,0
DA:179,0
DA:180,0
DA:185,0
DA:186,0
DA:187,0
DA:191,0
DA:195,0
DA:199,0
DA:209,0
DA:210,0
DA:211,0
DA:215,0
DA:217,0
DA:218,0
LF:49
LH:13
BRDA:86,0,0,42
BRDA:86,0,1,28
BRDA:87,1,0,42
BRDA:87,1,1,0
BRDA:90,2,0,42
BRDA:90,2,1,32
BRDA:91,3,0,42
BRDA:91,3,1,30
BRDA:91,4,0,42
BRDA:91,4,1,30
BRDA:92,5,0,42
BRDA:92,5,1,32
BRDA:97,6,0,7
BRDA:97,6,1,0
BRDA:98,7,0,7
BRDA:98,7,1,0
BRDA:99,8,0,4
BRDA:99,8,1,3
BRDA:100,9,0,3
BRDA:100,9,1,4
BRDA:109,10,0,2
BRDA:109,10,1,18
BRDA:117,11,0,0
BRDA:117,11,1,0
BRDA:117,12,0,0
BRDA:117,12,1,0
BRDA:130,13,0,0
BRDA:130,13,1,0
BRDA:130,14,0,0
BRDA:130,14,1,0
BRDA:134,15,0,0
BRDA:134,15,1,0
BRDA:142,16,0,0
BRDA:142,16,1,0
BRDA:151,17,0,0
BRDA:151,17,1,0
BRDA:153,18,0,0
BRDA:153,18,1,0
BRDA:156,19,0,0
BRDA:156,19,1,0
BRDA:168,20,0,0
BRDA:168,20,1,0
BRDA:172,21,0,0
BRDA:172,21,1,0
BRDA:174,22,0,0
BRDA:174,22,1,0
BRDA:177,23,0,0
BRDA:177,23,1,0
BRDA:179,24,0,0
BRDA:179,24,1,0
BRDA:185,25,0,0
BRDA:185,25,1,0
BRDA:187,26,0,0
BRDA:187,26,1,0
BRDA:196,27,0,0
BRDA:196,27,1,0
BRDA:209,28,0,0
BRDA:209,28,1,0
BRDA:211,29,0,0
BRDA:211,29,1,0
BRDA:217,30,0,0
BRDA:217,30,1,0
BRF:62
BRH:19
end_of_record
TN:
SF:src/services/asr.ts
FN:19,getCtor
FN:28,asrSupported
FN:34,recognizeOnce
FN:35,(anonymous_3)
FN:47,(anonymous_4)
FN:51,(anonymous_5)
FN:55,(anonymous_6)
FNF:7
FNH:0
FNDA:0,getCtor
FNDA:0,asrSupported
FNDA:0,recognizeOnce
FNDA:0,(anonymous_3)
FNDA:0,(anonymous_4)
FNDA:0,(anonymous_5)
FNDA:0,(anonymous_6)
DA:20,0
DA:21,0
DA:25,0
DA:29,0
DA:35,0
DA:36,0
DA:37,0
DA:38,0
DA:39,0
DA:41,0
DA:42,0
DA:43,0
DA:44,0
DA:45,0
DA:47,0
DA:48,0
DA:49,0
DA:51,0
DA:52,0
DA:53,0
DA:55,0
DA:56,0
DA:59,0
LF:23
LH:0
BRDA:20,0,0,0
BRDA:20,0,1,0
BRDA:25,1,0,0
BRDA:25,1,1,0
BRDA:25,1,2,0
BRDA:34,2,0,0
BRDA:37,3,0,0
BRDA:37,3,1,0
BRDA:49,4,0,0
BRDA:49,4,1,0
BRDA:53,5,0,0
BRDA:53,5,1,0
BRDA:56,6,0,0
BRDA:56,6,1,0
BRF:14
BRH:0
end_of_record
TN:
SF:src/services/content.ts
FN:41,buildContentContext
FN:48,(anonymous_1)
FN:52,vocabPromptBlock
FN:59,validateOrThrow
FN:61,(anonymous_4)
FN:62,(anonymous_5)
FN:67,ensureQuizHebrew
FN:71,ensureLessonHebrew
FN:75,ensureReadingHebrew
FN:80,ensureListeningHebrew
FN:85,pickOfflineReading
FN:91,(anonymous_11)
FN:98,pickOfflineListening
FN:104,(anonymous_13)
FN:113,generateLevelAdaptiveWords
FN:149,(anonymous_15)
FN:160,generateDailyLesson
FN:167,(anonymous_17)
FN:202,generateDialogueReply
FN:214,(anonymous_19)
FN:241,generatePracticeQuiz
FN:248,(anonymous_21)
FN:280,generateReading
FN:290,generateListening
FN:302,pickOfflineSpeaking
FN:315,(anonymous_25)
FN:322,generateSpeaking
FN:328,(anonymous_27)
FN:356,(anonymous_28)
FN:357,(anonymous_29)
FN:386,translateQuestion
FNF:31
FNH:18
FNDA:6,buildContentContext
FNDA:30,(anonymous_1)
FNDA:2,vocabPromptBlock
FNDA:0,validateOrThrow
FNDA:0,(anonymous_4)
FNDA:0,(anonymous_5)
FNDA:2,ensureQuizHebrew
FNDA:2,ensureLessonHebrew
FNDA:1,ensureReadingHebrew
FNDA:1,ensureListeningHebrew
FNDA:1,pickOfflineReading
FNDA:365,(anonymous_11)
FNDA:1,pickOfflineListening
FNDA:365,(anonymous_13)
FNDA:0,generateLevelAdaptiveWords
FNDA:0,(anonymous_15)
FNDA:2,generateDailyLesson
FNDA:730,(anonymous_17)
FNDA:1,generateDialogueReply
FNDA:0,(anonymous_19)
FNDA:2,generatePracticeQuiz
FNDA:730,(anonymous_21)
FNDA:1,generateReading
FNDA:1,generateListening
FNDA:0,pickOfflineSpeaking
FNDA:0,(anonymous_25)
FNDA:0,generateSpeaking
FNDA:0,(anonymous_27)
FNDA:0,(anonymous_28)
FNDA:0,(anonymous_29)
FNDA:0,translateQuestion
DA:46,6
DA:47,6
DA:48,30
DA:49,6
DA:53,2
DA:54,2
DA:60,0
DA:61,0
DA:62,0
DA:64,0
DA:68,2
DA:72,2
DA:76,1
DA:77,1
DA:81,1
DA:82,1
DA:90,1
DA:91,365
DA:92,1
DA:93,1
DA:94,1
DA:95,1
DA:103,1
DA:104,365
DA:105,1
DA:106,1
DA:107,1
DA:108,1
DA:117,0
DA:118,0
DA:120,0
DA:122,0
DA:123,0
DA:138,0
DA:140,0
DA:141,0
DA:145,0
DA:146,0
DA:148,0
DA:149,0
DA:153,0
DA:155,0
DA:166,2
DA:167,730
DA:168,2
DA:170,2
DA:171,1
DA:174,1
DA:185,1
DA:187,1
DA:188,1
DA:191,0
DA:192,0
DA:194,0
DA:195,0
DA:197,1
DA:209,1
DA:211,0
DA:213,0
DA:214,0
DA:217,0
DA:233,0
DA:235,0
DA:236,0
DA:237,0
DA:247,2
DA:248,730
DA:249,2
DA:251,2
DA:252,1
DA:255,1
DA:263,1
DA:265,1
DA:266,1
DA:269,1
DA:270,0
DA:272,0
DA:273,0
DA:275,1
DA:285,1
DA:286,1
DA:295,1
DA:296,1
DA:300,2
DA:307,0
DA:308,0
DA:315,0
DA:316,0
DA:317,0
DA:318,0
DA:319,0
DA:328,0
DA:330,0
DA:331,0
DA:334,0
DA:336,0
DA:351,0
DA:353,0
DA:354,0
DA:357,0
DA:360,0
DA:365,0
DA:366,0
DA:368,0
DA:369,0
DA:371,0
DA:390,0
DA:392,0
DA:404,0
DA:406,0
LF:110
LH:51
BRDA:44,0,0,6
BRDA:60,1,0,0
BRDA:60,1,1,0
BRDA:62,2,0,0
BRDA:62,2,1,0
BRDA:76,3,0,0
BRDA:76,3,1,1
BRDA:81,4,0,0
BRDA:81,4,1,1
BRDA:115,5,0,0
BRDA:120,6,0,0
BRDA:120,6,1,0
BRDA:145,7,0,0
BRDA:145,7,1,0
BRDA:145,8,0,0
BRDA:145,8,1,0
BRDA:164,9,0,2
BRDA:170,10,0,1
BRDA:170,10,1,1
BRDA:191,11,0,0
BRDA:191,11,1,0
BRDA:191,12,0,0
BRDA:191,12,1,0
BRDA:209,13,0,1
BRDA:209,13,1,0
BRDA:245,14,0,2
BRDA:251,15,0,1
BRDA:251,15,1,1
BRDA:269,16,0,0
BRDA:269,16,1,1
BRDA:269,17,0,1
BRDA:269,17,1,0
BRDA:283,18,0,1
BRDA:293,19,0,1
BRDA:326,20,0,0
BRDA:330,21,0,0
BRDA:330,21,1,0
BRDA:365,22,0,0
BRDA:365,22,1,0
BRDA:365,23,0,0
BRDA:365,23,1,0
BRDA:390,24,0,0
BRDA:390,24,1,0
BRF:43
BRH:14
end_of_record
TN:
SF:src/services/firebase.ts
FN:44,isCloudConfigured
FN:51,ensureInit
FN:56,(anonymous_2)
FN:74,toCloudUser
FN:84,watchAuth
FN:87,(anonymous_5)
FN:89,(anonymous_6)
FN:91,(anonymous_7)
FN:95,(anonymous_8)
FN:97,(anonymous_9)
FN:103,signInWithGoogle
FN:109,signOut
FN:126,loadCloud
FN:133,saveCloud
FNF:14
FNH:1
FNDA:16,isCloudConfigured
FNDA:0,ensureInit
FNDA:0,(anonymous_2)
FNDA:0,toCloudUser
FNDA:0,watchAuth
FNDA:0,(anonymous_5)
FNDA:0,(anonymous_6)
FNDA:0,(anonymous_7)
FNDA:0,(anonymous_8)
FNDA:0,(anonymous_9)
FNDA:0,signInWithGoogle
FNDA:0,signOut
FNDA:0,loadCloud
FNDA:0,saveCloud
DA:34,2
DA:45,16
DA:52,0
DA:53,0
DA:55,0
DA:56,0
DA:57,0
DA:58,0
DA:59,0
DA:60,0
DA:61,0
DA:64,0
DA:75,0
DA:85,0
DA:86,0
DA:87,0
DA:89,0
DA:90,0
DA:91,0
DA:92,0
DA:93,0
DA:94,0
DA:95,0
DA:97,0
DA:98,0
DA:99,0
DA:104,0
DA:105,0
DA:106,0
DA:110,0
DA:111,0
DA:112,0
DA:127,0
DA:128,0
DA:129,0
DA:130,0
DA:134,0
DA:135,0
DA:136,0
LF:39
LH:2
BRDA:35,0,0,2
BRDA:35,0,1,2
BRDA:36,1,0,2
BRDA:36,1,1,2
BRDA:37,2,0,2
BRDA:37,2,1,2
BRDA:38,3,0,2
BRDA:38,3,1,2
BRDA:39,4,0,2
BRDA:39,4,1,2
BRDA:40,5,0,2
BRDA:40,5,1,2
BRDA:45,6,0,16
BRDA:45,6,1,0
BRDA:45,6,2,0
BRDA:52,7,0,0
BRDA:52,7,1,0
BRDA:55,8,0,0
BRDA:55,8,1,0
BRDA:85,9,0,0
BRDA:85,9,1,0
BRDA:94,10,0,0
BRDA:94,10,1,0
BRDA:95,11,0,0
BRDA:95,11,1,0
BRDA:130,12,0,0
BRDA:130,12,1,0
BRF:27
BRH:13
end_of_record
TN:
SF:src/services/prefs.ts
FN:32,loadPrefs
FN:41,savePrefs
FN:51,applyTheme
FN:57,speechRate
FNF:4
FNH:4
FNDA:15,loadPrefs
FNDA:2,savePrefs
FNDA:2,applyTheme
FNDA:2,speechRate
DA:17,4
DA:19,4
DA:26,4
DA:33,15
DA:34,15
DA:35,15
DA:37,1
DA:42,2
DA:43,2
DA:52,2
DA:53,2
DA:58,2
LF:12
LH:12
BRDA:35,0,0,6
BRDA:35,0,1,9
BRDA:52,1,0,0
BRDA:52,1,1,2
BRF:4
BRH:3
end_of_record
TN:
SF:src/services/pwa.ts
FN:16,usePwaInstall
FN:23,(anonymous_1)
FN:24,onPrompt
FN:29,onInstalled
FN:36,(anonymous_4)
FN:42,install
FN:58,useServiceWorkerUpdate
FN:63,(anonymous_7)
FN:66,onNeedRefresh
FN:69,onOfflineReady
FN:75,(anonymous_10)
FN:83,canShare
FN:87,shareApp
FNF:13
FNH:6
FNDA:16,usePwaInstall
FNDA:7,(anonymous_1)
FNDA:0,onPrompt
FNDA:0,onInstalled
FNDA:7,(anonymous_4)
FNDA:0,install
FNDA:6,useServiceWorkerUpdate
FNDA:2,(anonymous_7)
FNDA:0,onNeedRefresh
FNDA:0,onOfflineReady
FNDA:0,(anonymous_10)
FNDA:13,canShare
FNDA:0,shareApp
DA:14,2
DA:17,16
DA:18,16
DA:23,16
DA:25,0
DA:26,0
DA:27,0
DA:30,0
DA:31,0
DA:32,0
DA:34,7
DA:35,7
DA:36,7
DA:37,7
DA:38,7
DA:43,0
DA:44,0
DA:45,0
DA:46,0
DA:47,0
DA:50,16
DA:59,6
DA:60,6
DA:61,6
DA:63,6
DA:64,2
DA:67,0
DA:70,0
DA:75,6
DA:76,0
DA:77,0
DA:80,6
DA:84,13
DA:88,0
DA:89,0
DA:90,0
LF:36
LH:18
BRDA:19,0,0,16
BRDA:19,0,1,16
BRDA:43,1,0,0
BRDA:43,1,1,0
BRDA:84,2,0,13
BRDA:84,2,1,13
BRDA:88,3,0,0
BRDA:88,3,1,0
BRDA:93,4,0,0
BRDA:93,4,1,0
BRF:10
BRH:4
end_of_record
TN:
SF:src/services/reminders.ts
FN:7,notificationsSupported
FN:11,requestReminderPermission
FN:18,alreadyNotifiedToday
FN:26,markNotified
FN:34,missionsIncomplete
FN:52,maybeNotifyIncompleteMissions
FNF:6
FNH:5
FNDA:2,notificationsSupported
FNDA:0,requestReminderPermission
FNDA:2,alreadyNotifiedToday
FNDA:1,markNotified
FNDA:1,missionsIncomplete
FNDA:5,maybeNotifyIncompleteMissions
DA:5,3
DA:8,2
DA:12,0
DA:13,0
DA:14,0
DA:15,0
DA:19,2
DA:20,2
DA:22,0
DA:27,1
DA:28,1
DA:35,1
DA:56,5
DA:57,5
DA:58,2
DA:60,2
DA:61,2
DA:62,1
DA:63,1
DA:65,1
DA:66,1
DA:71,1
DA:72,1
DA:74,0
LF:24
LH:18
BRDA:8,0,0,2
BRDA:8,0,1,2
BRDA:12,1,0,0
BRDA:12,1,1,0
BRDA:13,2,0,0
BRDA:13,2,1,0
BRDA:14,3,0,0
BRDA:14,3,1,0
BRDA:36,4,0,1
BRDA:36,4,1,0
BRDA:36,4,2,0
BRDA:36,4,3,0
BRDA:36,4,4,0
BRDA:36,4,5,0
BRDA:36,4,6,0
BRDA:54,5,0,5
BRDA:57,6,0,3
BRDA:57,6,1,2
BRDA:58,7,0,0
BRDA:58,7,1,2
BRDA:58,8,0,2
BRDA:58,8,1,2
BRDA:61,9,0,1
BRDA:61,9,1,1
BRDA:62,10,0,0
BRDA:62,10,1,1
BRDA:63,11,0,0
BRDA:63,11,1,1
BRF:28
BRH:13
end_of_record
TN:
SF:src/services/tts.ts
FN:6,speak
FN:17,ttsSupported
FNF:2
FNH:0
FNDA:0,speak
FNDA:0,ttsSupported
DA:7,0
DA:8,0
DA:9,0
DA:10,0
DA:13,0
DA:14,0
DA:18,0
LF:7
LH:0
BRDA:6,0,0,0
BRDA:7,1,0,0
BRDA:7,1,1,0
BRDA:7,2,0,0
BRDA:7,2,1,0
BRDA:13,3,0,0
BRDA:13,3,1,0
BRDA:18,4,0,0
BRDA:18,4,1,0
BRF:9
BRH:0
end_of_record
TN:
SF:src/store/useLingo.tsx
FN:60,load
FN:94,todaysMissions
FN:106,uid
FN:128,capMissionLog
FN:182,LingoProvider
FN:183,(anonymous_5)
FN:186,(anonymous_6)
FN:189,(anonymous_7)
FN:193,(anonymous_8)
FN:196,(anonymous_9)
FN:199,(anonymous_10)
FN:202,(anonymous_11)
FN:219,(anonymous_12)
FN:222,(anonymous_13)
FN:225,(anonymous_14)
FN:228,(anonymous_15)
FN:231,(anonymous_16)
FN:234,(anonymous_17)
FN:237,(anonymous_18)
FN:252,(anonymous_19)
FN:268,(anonymous_20)
FN:269,recomputeStreak
FN:270,(anonymous_22)
FN:282,onVisibility
FN:286,(anonymous_24)
FN:292,(anonymous_25)
FN:313,(anonymous_26)
FN:315,(anonymous_27)
FN:340,(anonymous_28)
FN:343,(anonymous_29)
FN:348,(anonymous_30)
FN:350,(anonymous_31)
FN:360,(anonymous_32)
FN:362,(anonymous_33)
FN:371,(anonymous_34)
FN:373,(anonymous_35)
FN:386,(anonymous_36)
FN:393,(anonymous_37)
FN:408,(anonymous_38)
FN:424,(anonymous_39)
FN:425,(anonymous_40)
FN:428,(anonymous_41)
FN:431,(anonymous_42)
FN:436,(anonymous_43)
FN:447,(anonymous_44)
FN:452,(anonymous_45)
FN:453,(anonymous_46)
FN:456,(anonymous_47)
FN:457,(anonymous_48)
FN:461,(anonymous_49)
FN:462,(anonymous_50)
FN:475,(anonymous_51)
FN:477,(anonymous_52)
FN:478,(anonymous_53)
FN:480,(anonymous_54)
FN:483,(anonymous_55)
FN:486,(anonymous_56)
FN:516,(anonymous_57)
FN:517,(anonymous_58)
FN:518,(anonymous_59)
FN:523,(anonymous_60)
FN:526,(anonymous_61)
FN:538,(anonymous_62)
FN:539,(anonymous_63)
FN:540,(anonymous_64)
FN:553,(anonymous_65)
FN:557,(anonymous_66)
FN:559,(anonymous_67)
FN:569,(anonymous_68)
FN:572,(anonymous_69)
FN:583,(anonymous_70)
FN:584,(anonymous_71)
FN:588,(anonymous_72)
FN:608,(anonymous_73)
FN:615,(anonymous_74)
FN:622,(anonymous_75)
FN:623,(anonymous_76)
FN:636,(anonymous_77)
FN:638,(anonymous_78)
FN:641,(anonymous_79)
FN:646,(anonymous_80)
FN:647,(anonymous_81)
FN:661,(anonymous_82)
FN:669,(anonymous_83)
FN:671,(anonymous_84)
FN:677,(anonymous_85)
FN:683,(anonymous_86)
FN:685,(anonymous_87)
FN:690,(anonymous_88)
FN:696,(anonymous_89)
FN:698,(anonymous_90)
FN:705,(anonymous_91)
FN:707,(anonymous_92)
FN:715,(anonymous_93)
FN:717,(anonymous_94)
FN:725,(anonymous_95)
FN:731,(anonymous_96)
FN:732,(anonymous_97)
FN:738,(anonymous_98)
FN:742,(anonymous_99)
FN:743,(anonymous_100)
FN:744,(anonymous_101)
FN:748,(anonymous_102)
FN:764,(anonymous_103)
FN:786,(anonymous_104)
FN:803,(anonymous_105)
FN:808,(anonymous_106)
FN:889,useLingo
FNF:108
FNH:75
FNDA:119,load
FNDA:36,todaysMissions
FNDA:638,uid
FNDA:413,capMissionLog
FNDA:65,LingoProvider
FNDA:17,(anonymous_5)
FNDA:17,(anonymous_6)
FNDA:17,(anonymous_7)
FNDA:17,(anonymous_8)
FNDA:17,(anonymous_9)
FNDA:17,(anonymous_10)
FNDA:17,(anonymous_11)
FNDA:51,(anonymous_12)
FNDA:25,(anonymous_13)
FNDA:24,(anonymous_14)
FNDA:21,(anonymous_15)
FNDA:27,(anonymous_16)
FNDA:24,(anonymous_17)
FNDA:25,(anonymous_18)
FNDA:53,(anonymous_19)
FNDA:17,(anonymous_20)
FNDA:17,recomputeStreak
FNDA:17,(anonymous_22)
FNDA:0,onVisibility
FNDA:17,(anonymous_24)
FNDA:0,(anonymous_25)
FNDA:0,(anonymous_26)
FNDA:0,(anonymous_27)
FNDA:0,(anonymous_28)
FNDA:0,(anonymous_29)
FNDA:17,(anonymous_30)
FNDA:17,(anonymous_31)
FNDA:53,(anonymous_32)
FNDA:0,(anonymous_33)
FNDA:0,(anonymous_34)
FNDA:0,(anonymous_35)
FNDA:0,(anonymous_36)
FNDA:0,(anonymous_37)
FNDA:14,(anonymous_38)
FNDA:0,(anonymous_39)
FNDA:0,(anonymous_40)
FNDA:0,(anonymous_41)
FNDA:39,(anonymous_42)
FNDA:0,(anonymous_43)
FNDA:0,(anonymous_44)
FNDA:0,(anonymous_45)
FNDA:0,(anonymous_46)
FNDA:1,(anonymous_47)
FNDA:1,(anonymous_48)
FNDA:0,(anonymous_49)
FNDA:0,(anonymous_50)
FNDA:8,(anonymous_51)
FNDA:8,(anonymous_52)
FNDA:10,(anonymous_53)
FNDA:0,(anonymous_54)
FNDA:8,(anonymous_55)
FNDA:8,(anonymous_56)
FNDA:0,(anonymous_57)
FNDA:0,(anonymous_58)
FNDA:0,(anonymous_59)
FNDA:4,(anonymous_60)
FNDA:1,(anonymous_61)
FNDA:1,(anonymous_62)
FNDA:1,(anonymous_63)
FNDA:1,(anonymous_64)
FNDA:1,(anonymous_65)
FNDA:411,(anonymous_66)
FNDA:411,(anonymous_67)
FNDA:0,(anonymous_68)
FNDA:0,(anonymous_69)
FNDA:0,(anonymous_70)
FNDA:0,(anonymous_71)
FNDA:0,(anonymous_72)
FNDA:7,(anonymous_73)
FNDA:2,(anonymous_74)
FNDA:7,(anonymous_75)
FNDA:7,(anonymous_76)
FNDA:5,(anonymous_77)
FNDA:5,(anonymous_78)
FNDA:4,(anonymous_79)
FNDA:2,(anonymous_80)
FNDA:0,(anonymous_81)
FNDA:2,(anonymous_82)
FNDA:5,(anonymous_83)
FNDA:5,(anonymous_84)
FNDA:5,(anonymous_85)
FNDA:25,(anonymous_86)
FNDA:10,(anonymous_87)
FNDA:24,(anonymous_88)
FNDA:27,(anonymous_89)
FNDA:9,(anonymous_90)
FNDA:27,(anonymous_91)
FNDA:10,(anonymous_92)
FNDA:24,(anonymous_93)
FNDA:403,(anonymous_94)
FNDA:34,(anonymous_95)
FNDA:210,(anonymous_96)
FNDA:210,(anonymous_97)
FNDA:210,(anonymous_98)
FNDA:0,(anonymous_99)
FNDA:0,(anonymous_100)
FNDA:0,(anonymous_101)
FNDA:2,(anonymous_102)
FNDA:1,(anonymous_103)
FNDA:1,(anonymous_104)
FNDA:25,(anonymous_105)
FNDA:63,(anonymous_106)
FNDA:82,useLingo
DA:47,3
DA:61,119
DA:62,119
DA:63,119
DA:65,0
DA:69,3
DA:70,3
DA:80,3
DA:95,36
DA:96,23
DA:98,13
DA:107,638
DA:115,3
DA:116,3
DA:117,3
DA:120,3
DA:125,3
DA:126,3
DA:129,413
DA:180,3
DA:183,65
DA:184,17
DA:186,65
DA:187,17
DA:189,65
DA:190,17
DA:191,17
DA:193,65
DA:194,17
DA:196,65
DA:197,17
DA:199,65
DA:200,17
DA:202,65
DA:203,17
DA:205,65
DA:207,65
DA:209,65
DA:210,65
DA:213,65
DA:215,65
DA:216,65
DA:219,65
DA:220,51
DA:222,65
DA:223,25
DA:225,65
DA:226,24
DA:228,65
DA:229,21
DA:231,65
DA:232,27
DA:234,65
DA:235,24
DA:237,65
DA:238,25
DA:243,65
DA:252,65
DA:253,53
DA:268,65
DA:270,17
DA:271,17
DA:272,0
DA:273,0
DA:274,0
DA:275,17
DA:276,0
DA:277,0
DA:278,17
DA:281,17
DA:283,0
DA:285,17
DA:286,17
DA:292,65
DA:293,0
DA:294,0
DA:295,0
DA:296,0
DA:297,0
DA:298,0
DA:299,0
DA:300,0
DA:301,0
DA:303,0
DA:305,0
DA:313,65
DA:314,0
DA:315,0
DA:316,0
DA:317,0
DA:318,0
DA:319,0
DA:320,0
DA:321,0
DA:322,0
DA:324,0
DA:325,0
DA:326,0
DA:327,0
DA:334,0
DA:340,65
DA:341,0
DA:342,0
DA:343,0
DA:348,65
DA:349,17
DA:350,17
DA:351,17
DA:352,17
DA:360,65
DA:361,53
DA:362,0
DA:363,0
DA:371,0
DA:373,0
DA:386,65
DA:389,0
DA:390,0
DA:393,65
DA:394,0
DA:395,0
DA:396,0
DA:397,0
DA:398,0
DA:404,0
DA:408,65
DA:410,14
DA:411,14
DA:424,65
DA:425,0
DA:428,65
DA:431,65
DA:432,39
DA:433,20
DA:434,20
DA:435,0
DA:436,0
DA:437,0
DA:447,0
DA:448,0
DA:452,65
DA:453,0
DA:456,65
DA:457,1
DA:461,65
DA:462,0
DA:463,0
DA:464,0
DA:465,0
DA:466,0
DA:467,0
DA:468,0
DA:471,0
DA:475,65
DA:477,8
DA:478,10
DA:479,8
DA:480,0
DA:483,8
DA:486,8
DA:487,8
DA:488,8
DA:489,8
DA:499,8
DA:516,65
DA:517,0
DA:518,0
DA:523,65
DA:525,4
DA:526,4
DA:528,1
DA:538,65
DA:539,1
DA:540,1
DA:541,1
DA:542,1
DA:543,1
DA:552,1
DA:553,1
DA:557,65
DA:559,411
DA:560,411
DA:569,65
DA:570,0
DA:571,0
DA:572,0
DA:573,0
DA:574,0
DA:576,0
DA:577,0
DA:583,0
DA:584,0
DA:585,0
DA:587,0
DA:588,0
DA:589,0
DA:594,0
DA:608,65
DA:614,7
DA:615,7
DA:616,2
DA:618,7
DA:621,7
DA:622,7
DA:623,7
DA:627,7
DA:636,65
DA:637,5
DA:638,5
DA:639,5
DA:640,5
DA:641,4
DA:644,4
DA:645,2
DA:646,2
DA:647,2
DA:648,0
DA:650,2
DA:657,4
DA:661,65
DA:662,2
DA:669,65
DA:670,5
DA:671,5
DA:672,5
DA:673,5
DA:674,5
DA:675,5
DA:676,5
DA:677,5
DA:678,5
DA:683,65
DA:684,25
DA:685,25
DA:690,65
DA:691,24
DA:696,65
DA:697,27
DA:698,27
DA:699,9
DA:701,27
DA:705,65
DA:706,27
DA:707,27
DA:708,10
DA:710,27
DA:715,65
DA:716,24
DA:717,24
DA:718,403
DA:720,24
DA:725,65
DA:726,34
DA:727,0
DA:731,65
DA:732,210
DA:733,210
DA:734,210
DA:737,210
DA:738,210
DA:742,65
DA:743,0
DA:744,0
DA:748,65
DA:749,2
DA:750,2
DA:751,2
DA:752,2
DA:753,2
DA:754,2
DA:755,2
DA:756,2
DA:761,2
DA:764,65
DA:765,1
DA:786,65
DA:787,1
DA:788,1
DA:789,1
DA:790,1
DA:795,1
DA:796,1
DA:797,1
DA:798,1
DA:799,1
DA:800,1
DA:803,65
DA:804,25
DA:808,65
DA:809,63
DA:886,65
DA:890,82
DA:891,82
DA:892,82
LF:294
LH:211
BRDA:63,0,0,0
BRDA:63,0,1,119
BRDA:95,1,0,23
BRDA:95,1,1,13
BRDA:100,2,0,13
BRDA:100,2,1,0
BRDA:101,3,0,36
BRDA:101,3,1,0
BRDA:102,4,0,36
BRDA:102,4,1,0
BRDA:129,5,0,10
BRDA:129,5,1,403
BRDA:191,6,0,0
BRDA:191,6,1,17
BRDA:213,7,0,65
BRDA:213,7,1,0
BRDA:271,8,0,17
BRDA:271,8,1,0
BRDA:274,9,0,0
BRDA:274,9,1,0
BRDA:275,10,0,0
BRDA:275,10,1,17
BRDA:277,11,0,0
BRDA:277,11,1,0
BRDA:283,12,0,0
BRDA:283,12,1,0
BRDA:294,13,0,0
BRDA:294,13,1,0
BRDA:295,14,0,0
BRDA:295,14,1,0
BRDA:296,15,0,0
BRDA:296,15,1,0
BRDA:297,16,0,0
BRDA:297,16,1,0
BRDA:298,17,0,0
BRDA:298,17,1,0
BRDA:299,18,0,0
BRDA:299,18,1,0
BRDA:300,19,0,0
BRDA:300,19,1,0
BRDA:301,20,0,0
BRDA:301,20,1,0
BRDA:314,21,0,0
BRDA:314,21,1,0
BRDA:318,22,0,0
BRDA:318,22,1,0
BRDA:341,23,0,0
BRDA:341,23,1,0
BRDA:349,24,0,0
BRDA:349,24,1,17
BRDA:361,25,0,53
BRDA:361,25,1,0
BRDA:361,26,0,53
BRDA:361,26,1,0
BRDA:412,27,0,14
BRDA:412,27,1,0
BRDA:425,28,0,0
BRDA:425,28,1,0
BRDA:432,29,0,19
BRDA:432,29,1,20
BRDA:434,30,0,20
BRDA:434,30,1,0
BRDA:434,31,0,20
BRDA:434,31,1,0
BRDA:448,32,0,0
BRDA:448,32,1,0
BRDA:453,33,0,0
BRDA:453,33,1,0
BRDA:467,34,0,0
BRDA:467,34,1,0
BRDA:479,35,0,0
BRDA:479,35,1,8
BRDA:483,36,0,8
BRDA:483,36,1,0
BRDA:488,37,0,0
BRDA:488,37,1,8
BRDA:518,38,0,0
BRDA:518,38,1,0
BRDA:525,39,0,4
BRDA:525,39,1,0
BRDA:528,40,0,1
BRDA:528,40,1,1
BRDA:528,40,2,1
BRDA:541,41,0,0
BRDA:541,41,1,1
BRDA:542,42,0,1
BRDA:542,42,1,0
BRDA:547,43,0,1
BRDA:547,43,1,0
BRDA:552,44,0,1
BRDA:552,44,1,0
BRDA:553,45,0,1
BRDA:553,45,1,0
BRDA:573,46,0,0
BRDA:573,46,1,0
BRDA:576,47,0,0
BRDA:576,47,1,0
BRDA:585,48,0,0
BRDA:585,48,1,0
BRDA:587,49,0,0
BRDA:587,49,1,0
BRDA:589,50,0,0
BRDA:589,50,1,0
BRDA:616,51,0,2
BRDA:616,51,1,1
BRDA:618,52,0,1
BRDA:618,52,1,6
BRDA:622,53,0,7
BRDA:622,53,1,0
BRDA:640,54,0,1
BRDA:640,54,1,4
BRDA:641,55,0,4
BRDA:641,55,1,0
BRDA:644,56,0,2
BRDA:644,56,1,2
BRDA:644,57,0,4
BRDA:644,57,1,3
BRDA:644,57,2,3
BRDA:647,58,0,0
BRDA:647,58,1,2
BRDA:647,59,0,0
BRDA:647,59,1,0
BRDA:673,60,0,5
BRDA:673,60,1,0
BRDA:676,61,0,4
BRDA:676,61,1,1
BRDA:677,62,0,5
BRDA:677,62,1,0
BRDA:691,63,0,1
BRDA:691,63,1,23
BRDA:699,64,0,9
BRDA:699,64,1,2
BRDA:701,65,0,2
BRDA:701,65,1,25
BRDA:708,66,0,10
BRDA:708,66,1,0
BRDA:710,67,0,0
BRDA:710,67,1,27
BRDA:718,68,0,403
BRDA:718,68,1,0
BRDA:720,69,0,0
BRDA:720,69,1,24
BRDA:726,70,0,0
BRDA:726,70,1,34
BRDA:734,71,0,10
BRDA:734,71,1,200
BRDA:737,72,0,210
BRDA:737,72,1,0
BRDA:738,73,0,210
BRDA:738,73,1,0
BRDA:744,74,0,0
BRDA:744,74,1,0
BRDA:791,75,0,1
BRDA:791,75,1,0
BRDA:891,76,0,0
BRDA:891,76,1,82
BRF:156
BRH:67
end_of_record
TN:
SF:src/utils/backup.ts
FN:27,isObject
FN:31,isLevel
FN:36,parseProgressBackup
FNF:3
FNH:3
FNDA:10,isObject
FNDA:1,isLevel
FNDA:5,parseProgressBackup
DA:12,4
DA:28,10
DA:32,1
DA:37,5
DA:38,4
DA:39,1
DA:41,3
DA:42,0
DA:44,3
DA:45,0
DA:47,3
DA:48,0
DA:50,3
DA:51,2
DA:52,2
DA:53,2
DA:54,2
DA:55,2
DA:57,2
LF:19
LH:16
BRDA:28,0,0,10
BRDA:28,0,1,10
BRDA:28,0,2,9
BRDA:32,1,0,1
BRDA:32,1,1,1
BRDA:37,2,0,1
BRDA:37,2,1,4
BRDA:38,3,0,1
BRDA:38,3,1,3
BRDA:41,4,0,0
BRDA:41,4,1,3
BRDA:44,5,0,0
BRDA:44,5,1,3
BRDA:44,6,0,3
BRDA:44,6,1,1
BRDA:47,7,0,0
BRDA:47,7,1,3
BRDA:47,8,0,3
BRDA:47,8,1,1
BRDA:50,9,0,1
BRDA:50,9,1,2
BRDA:51,10,0,0
BRDA:51,10,1,2
BRDA:52,11,0,0
BRDA:52,11,1,2
BRDA:53,12,0,0
BRDA:53,12,1,2
BRDA:54,13,0,0
BRDA:54,13,1,2
BRDA:55,14,0,0
BRDA:55,14,1,2
BRF:31
BRH:23
end_of_record
TN:
SF:src/utils/daily.ts
FN:2,dayIndex
FN:7,pickByDay
FNF:2
FNH:2
FNDA:12,dayIndex
FNDA:24,pickByDay
DA:3,12
DA:8,24
DA:9,24
LF:3
LH:3
BRDA:2,0,0,12
BRDA:7,1,0,24
BRDA:8,2,0,0
BRDA:8,2,1,24
BRF:4
BRH:3
end_of_record
TN:
SF:src/utils/dailyCache.ts
FN:15,todayKey
FN:21,loadDailyCache
FN:38,readManifest
FN:47,rememberKey
FN:58,saveDailyCache
FN:69,clearAllDailyCaches
FNF:6
FNH:6
FNDA:7,todayKey
FNDA:5,loadDailyCache
FNDA:9,readManifest
FNDA:5,rememberKey
FNDA:5,saveDailyCache
FNDA:4,clearAllDailyCaches
DA:18,7
DA:22,5
DA:23,5
DA:24,5
DA:25,2
DA:26,2
DA:27,1
DA:29,0
DA:36,4
DA:39,9
DA:40,9
DA:41,9
DA:43,0
DA:48,5
DA:49,5
DA:50,5
DA:51,5
DA:59,5
DA:60,5
DA:61,5
DA:70,4
DA:71,3
DA:73,4
LF:23
LH:21
BRDA:24,0,0,3
BRDA:24,0,1,2
BRDA:26,1,0,1
BRDA:26,1,1,1
BRDA:26,2,0,2
BRDA:26,2,1,2
BRDA:41,3,0,3
BRDA:41,3,1,6
BRF:8
BRH:8
end_of_record
TN:
SF:src/utils/json.ts
FN:5,cleanJson
FN:13,parseJson
FNF:2
FNH:2
FNDA:6,cleanJson
FNDA:2,parseJson
DA:6,6
DA:7,6
DA:8,4
DA:9,6
DA:10,6
DA:14,2
LF:6
LH:6
BRDA:7,0,0,2
BRDA:7,0,1,4
BRDA:8,1,0,1
BRDA:8,1,1,3
BRDA:9,2,0,3
BRDA:9,2,1,3
BRF:6
BRH:6
end_of_record
TN:
SF:src/utils/levelProgress.ts
FN:7,countLearnedAtLevel
FN:12,(anonymous_1)
FN:23,countMastered
FN:24,(anonymous_3)
FN:28,countMasteredAtLevel
FN:29,(anonymous_5)
FN:32,nextLevel
FN:58,promotionTarget
FN:74,isWordAtOrBelowLevel
FNF:9
FNH:9
FNDA:22,countLearnedAtLevel
FNDA:7152,(anonymous_1)
FNDA:22,countMastered
FNDA:18,(anonymous_3)
FNDA:21,countMasteredAtLevel
FNDA:15,(anonymous_5)
FNDA:23,nextLevel
FNDA:21,promotionTarget
FNDA:3,isWordAtOrBelowLevel
DA:11,22
DA:12,22
DA:13,7152
DA:24,22
DA:29,21
DA:33,23
DA:34,23
DA:38,4
DA:48,4
DA:63,21
DA:64,21
DA:65,21
DA:66,21
DA:67,21
DA:68,1
DA:70,20
DA:75,3
LF:17
LH:17
BRDA:13,0,0,7152
BRDA:13,0,1,6797
BRDA:24,1,0,18
BRDA:24,1,1,12
BRDA:34,2,0,22
BRDA:34,2,1,1
BRDA:64,3,0,0
BRDA:64,3,1,21
BRDA:67,4,0,1
BRDA:67,4,1,20
BRDA:67,5,0,21
BRDA:67,5,1,1
BRF:12
BRH:11
end_of_record
TN:
SF:src/utils/missions.ts
FN:15,dateKeyFromTs
FN:23,kindFromQuizTopic
FN:29,quizToMission
FN:60,allMissions
FN:72,(anonymous_4)
FN:85,(anonymous_5)
FN:88,missionsByDate
FN:106,buildMonthGrid
FNF:8
FNH:8
FNDA:262,dateKeyFromTs
FNDA:4,kindFromQuizTopic
FNDA:1,quizToMission
FNDA:1,allMissions
FNDA:2,(anonymous_4)
FNDA:2,(anonymous_5)
FNDA:1,missionsByDate
FNDA:1,buildMonthGrid
DA:3,7
DA:16,262
DA:17,262
DA:18,262
DA:19,262
DA:20,262
DA:24,4
DA:25,2
DA:26,1
DA:30,1
DA:32,1
DA:37,1
DA:51,7
DA:65,1
DA:66,1
DA:67,1
DA:69,1
DA:70,1
DA:71,1
DA:72,1
DA:73,2
DA:75,1
DA:76,1
DA:85,2
DA:89,1
DA:90,1
DA:91,1
DA:92,1
DA:93,1
DA:94,1
DA:96,1
DA:107,1
DA:108,1
DA:109,1
DA:110,1
DA:112,1
DA:113,3
DA:114,3
DA:120,1
DA:121,31
DA:122,31
DA:128,1
DA:129,8
DA:130,8
DA:131,8
DA:132,8
DA:138,1
DA:141,7
DA:156,7
LF:49
LH:49
BRDA:24,0,0,2
BRDA:24,0,1,2
BRDA:25,1,0,1
BRDA:25,1,1,1
BRDA:32,2,0,1
BRDA:32,2,1,0
BRDA:34,3,0,0
BRDA:34,3,1,0
BRDA:70,4,0,1
BRDA:70,4,1,0
BRDA:73,5,0,2
BRDA:73,5,1,1
BRDA:75,6,0,1
BRDA:75,6,1,0
BRDA:92,7,0,1
BRDA:92,7,1,1
BRDA:128,8,0,1
BRDA:128,8,1,2
BRF:18
BRH:13
end_of_record
TN:
SF:src/utils/progressCharts.ts
FN:10,dayKeysLastN
FN:18,shortLabel
FN:24,missionsPerDay
FN:30,(anonymous_3)
FN:35,(anonymous_4)
FN:43,quizScorePerDay
FN:49,(anonymous_6)
FN:57,(anonymous_7)
FNF:8
FNH:8
FNDA:2,dayKeysLastN
FNDA:10,shortLabel
FNDA:1,missionsPerDay
FNDA:7,(anonymous_3)
FNDA:7,(anonymous_4)
FNDA:1,quizScorePerDay
FNDA:3,(anonymous_6)
FNDA:3,(anonymous_7)
DA:11,2
DA:12,2
DA:13,10
DA:15,2
DA:19,10
DA:20,10
DA:29,1
DA:30,7
DA:31,1
DA:32,3
DA:33,3
DA:35,7
DA:48,1
DA:49,3
DA:50,1
DA:51,2
DA:52,2
DA:53,2
DA:54,2
DA:55,2
DA:57,1
DA:58,3
DA:59,3
LF:23
LH:23
BRDA:10,0,0,2
BRDA:26,1,0,1
BRDA:27,2,0,1
BRDA:33,3,0,3
BRDA:33,3,1,0
BRDA:33,4,0,3
BRDA:33,4,1,0
BRDA:38,5,0,7
BRDA:38,5,1,0
BRDA:45,6,0,1
BRDA:46,7,0,1
BRDA:53,8,0,0
BRDA:53,8,1,2
BRDA:62,9,0,2
BRDA:62,9,1,1
BRF:15
BRH:11
end_of_record
TN:
SF:src/utils/routing.ts
FN:24,screenFromHash
FN:31,hashForScreen
FN:37,navigateHash
FNF:3
FNH:3
FNDA:7,screenFromHash
FNDA:5,hashForScreen
FNDA:3,navigateHash
DA:3,2
DA:21,2
DA:25,7
DA:26,7
DA:27,3
DA:32,5
DA:33,2
DA:38,3
DA:39,3
DA:40,1
DA:41,2
DA:42,2
LF:12
LH:12
BRDA:24,0,0,7
BRDA:25,1,0,7
BRDA:25,1,1,0
BRDA:26,2,0,4
BRDA:26,2,1,3
BRDA:26,3,0,7
BRDA:26,3,1,3
BRDA:27,4,0,2
BRDA:27,4,1,1
BRDA:32,5,0,3
BRDA:32,5,1,2
BRDA:32,6,0,5
BRDA:32,6,1,2
BRDA:37,7,0,3
BRDA:39,8,0,1
BRDA:39,8,1,2
BRDA:41,9,0,2
BRDA:41,9,1,0
BRF:18
BRH:16
end_of_record
TN:
SF:src/utils/score.ts
FN:6,normalizeWords
FN:21,scoreSpeaking
FNF:2
FNH:2
FNDA:8,normalizeWords
FNDA:4,scoreSpeaking
DA:7,8
DA:22,4
DA:23,4
DA:25,3
DA:26,3
DA:27,7
DA:30,3
DA:31,3
DA:32,3
DA:33,9
DA:34,9
DA:35,5
DA:36,5
DA:38,4
DA:42,3
LF:15
LH:15
BRDA:23,0,0,1
BRDA:23,0,1,3
BRDA:27,1,0,7
BRDA:27,1,1,7
BRDA:33,2,0,9
BRDA:33,2,1,4
BRDA:34,3,0,5
BRDA:34,3,1,4
BRF:8
BRH:8
end_of_record
TN:
SF:src/utils/srs.ts
FN:22,scheduleNext
FN:34,isSrsMastered
FN:39,isDue
FNF:3
FNH:3
FNDA:5,scheduleNext
FNDA:16,isSrsMastered
FNDA:4,isDue
DA:9,5
DA:11,5
DA:13,5
DA:27,5
DA:28,5
DA:29,5
DA:30,5
DA:35,16
DA:40,4
LF:9
LH:9
BRDA:25,0,0,5
BRDA:27,1,0,4
BRDA:27,1,1,1
BRDA:28,2,0,4
BRDA:28,2,1,1
BRDA:35,3,0,16
BRDA:35,3,1,1
BRDA:39,4,0,4
BRDA:40,5,0,4
BRDA:40,5,1,1
BRF:10
BRH:10
end_of_record
TN:
SF:src/utils/vocabulary.ts
FN:6,tokenizeEnglish
FN:7,(anonymous_1)
FN:11,findUnknownWords
FN:23,contentUsesOnlyAllowedVocab
FN:24,(anonymous_4)
FN:28,buildAllowedVocabulary
FN:48,pickVocabSafeItem
FN:59,(anonymous_7)
FN:69,lessonTexts
FN:72,(anonymous_9)
FN:76,quizTexts
FN:77,(anonymous_11)
FN:80,readingTexts
FN:87,(anonymous_13)
FN:88,(anonymous_14)
FN:92,listeningTexts
FN:96,(anonymous_16)
FN:99,speakingTexts
FN:100,(anonymous_18)
FNF:19
FNH:17
FNDA:39062,tokenizeEnglish
FNDA:104835,(anonymous_1)
FNDA:39062,findUnknownWords
FNDA:1,contentUsesOnlyAllowedVocab
FNDA:2,(anonymous_4)
FNDA:7,buildAllowedVocabulary
FNDA:7,pickVocabSafeItem
FNDA:39057,(anonymous_7)
FNDA:730,lessonTexts
FNDA:2190,(anonymous_9)
FNDA:730,quizTexts
FNDA:3650,(anonymous_11)
FNDA:365,readingTexts
FNDA:1095,(anonymous_13)
FNDA:730,(anonymous_14)
FNDA:365,listeningTexts
FNDA:730,(anonymous_16)
FNDA:0,speakingTexts
FNDA:0,(anonymous_18)
DA:7,104835
DA:12,39062
DA:13,39062
DA:14,39062
DA:15,104835
DA:16,55725
DA:17,55725
DA:19,39062
DA:24,2
DA:33,7
DA:34,7
DA:35,1
DA:37,7
DA:38,31
DA:40,7
DA:53,7
DA:54,7
DA:55,7
DA:56,7
DA:57,7
DA:58,2192
DA:59,39057
DA:60,2192
DA:61,2191
DA:62,25
DA:63,25
DA:66,2191
DA:70,730
DA:72,2190
DA:77,3650
DA:85,365
DA:87,1095
DA:88,730
DA:96,730
DA:100,0
LF:35
LH:34
BRDA:7,0,0,39062
BRDA:7,0,1,1662
BRDA:15,1,0,49110
BRDA:15,1,1,55725
BRDA:15,2,0,104835
BRDA:15,2,1,55871
BRDA:31,3,0,7
BRDA:51,4,0,7
BRDA:53,5,0,0
BRDA:53,5,1,7
BRDA:60,6,0,1
BRDA:60,6,1,2191
BRDA:61,7,0,25
BRDA:61,7,1,2166
BRDA:66,8,0,2191
BRDA:66,8,1,0
BRF:16
BRH:14
end_of_record
